Arguments: 
  F:\node\node.exe C:\Users\Administrator\Software\yarm\bin\yarn.js add app4.css

PATH: 
  C:\Users\Administrator\Software\cmder\vendor\git-for-windows\mingw64\bin;C:\Users\Administrator\Software\cmder\vendor\git-for-windows\usr\bin;C:\Users\Administrator\bin;C:\Program Files (x86)\Common Files\Oracle\Java\javapath;C:\WINDOWS\system32;C:\WINDOWS;C:\WINDOWS\System32\Wbem;C:\WINDOWS\System32\WindowsPowerShell\v1.0;C:\WINDOWS\System32\OpenSSH;C:\Program Files (x86)\NVIDIA Corporation\PhysX\Common;C:\Program Files\NVIDIA Corporation\NVIDIA NvDLISR;F:\matlab\runtime\win64;F:\matlab\bin;%QUARTUS_ROOTDIR%\bin;F:\QT\5.9\mingw53_32\bin;F:\QT\Tools\mingw530_32\bin;F:\QT\5.9\msvc2017_64\bin;F:\node;C:\Users\Administrator\Software\yarm\bin;E:\PYTHON\Scripts;E:\PYTHON;C:\Users\Administrator\AppData\Local\Microsoft\WindowsApps;E:\Microsoft VS Code\bin;E:\PyCharm\PyCharm Community Edition 2020.3.4\bin;C:\Users\Administrator\AppData\Roaming\npm;C:\Users\Administrator\AppData\Local\Yarn\bin

Yarn version: 
  1.22.5

Node version: 
  16.14.2

Platform: 
  win32 x64

Trace: 
  Error: https://registry.npmmirror.com/app4.css: [NOT_FOUND] app4.css not found
      at Request.params.callback [as _callback] (C:\Users\Administrator\Software\yarm\lib\cli.js:66097:18)
      at Request.self.callback (C:\Users\Administrator\Software\yarm\lib\cli.js:140749:22)
      at Request.emit (node:events:526:28)
      at Request.<anonymous> (C:\Users\Administrator\Software\yarm\lib\cli.js:141721:10)
      at Request.emit (node:events:526:28)
      at Gunzip.<anonymous> (C:\Users\Administrator\Software\yarm\lib\cli.js:141643:12)
      at Object.onceWrapper (node:events:645:28)
      at Gunzip.emit (node:events:526:28)
      at endReadableNT (node:internal/streams/readable:1345:12)
      at processTicksAndRejections (node:internal/process/task_queues:83:21)

npm manifest: 
  {
    "name": "src",
    "version": "1.0.0",
    "main": "index.js",
    "license": "MIT",
    "dependencies": {
      "jquery": "^3.6.0"
    }
  }

yarn manifest: 
  No manifest

Lockfile: 
  # THIS IS AN AUTOGENERATED FILE. DO NOT EDIT THIS FILE DIRECTLY.
  # yarn lockfile v1
  
  
  jquery@^3.6.0:
    version "3.6.0"
    resolved "https://registry.npmmirror.com/jquery/-/jquery-3.6.0.tgz#c72a09f15c1bdce142f49dbf1170bdf8adac2470"
    integrity sha512-JVzAR/AjBvVt2BmYhxRCSYysDsPcssdmTFnzyLEts9qNwmjmu4JTAMYubEfwVOSwpQ1I1sKKFcxhZCI2buerfw==
